c:\users\haritone\source\repos\проект\проект\debug\vc142.pdb
c:\users\haritone\source\repos\проект\проект\debug\vc142.idb
c:\users\haritone\source\repos\проект\проект\debug\worker.obj
c:\users\haritone\source\repos\проект\проект\debug\team.obj
c:\users\haritone\source\repos\проект\проект\debug\sizeclass.obj
c:\users\haritone\source\repos\проект\проект\debug\project.obj
c:\users\haritone\source\repos\проект\проект\debug\pen.obj
c:\users\haritone\source\repos\проект\проект\debug\office.obj
c:\users\haritone\source\repos\проект\проект\debug\manager.obj
c:\users\haritone\source\repos\проект\проект\debug\human.obj
c:\users\haritone\source\repos\проект\проект\debug\employer.obj
c:\users\haritone\source\repos\проект\проект\debug\customer.obj
c:\users\haritone\source\repos\проект\проект\debug\appearance.obj
c:\users\haritone\source\repos\проект\проект\debug\main.obj
c:\users\haritone\source\repos\проект\debug\проект.exe
c:\users\haritone\source\repos\проект\проект\debug\проект.ilk
c:\users\haritone\source\repos\проект\debug\проект.pdb
c:\users\haritone\source\repos\проект\проект\debug\проект.tlog\cl.command.1.tlog
c:\users\haritone\source\repos\проект\проект\debug\проект.tlog\cl.read.1.tlog
c:\users\haritone\source\repos\проект\проект\debug\проект.tlog\cl.write.1.tlog
c:\users\haritone\source\repos\проект\проект\debug\проект.tlog\link.command.1.tlog
c:\users\haritone\source\repos\проект\проект\debug\проект.tlog\link.read.1.tlog
c:\users\haritone\source\repos\проект\проект\debug\проект.tlog\link.write.1.tlog
