  Appearance.cpp
  Customer.cpp
  Employer.cpp
  Human.cpp
  main.cpp
  Manager.cpp
  Office.cpp
  Pen.cpp
  Project.cpp
  SizeClass.cpp
  Team.cpp
  Worker.cpp
C:\Users\haritone\source\repos\Проект\Проект\Worker.cpp(88,23): warning C4018: <: несоответствие типов со знаком и без знака
C:\Users\haritone\source\repos\Проект\Проект\Worker.cpp(133,23): warning C4018: <: несоответствие типов со знаком и без знака
C:\Users\haritone\source\repos\Проект\Проект\Worker.cpp(153,23): warning C4018: <: несоответствие типов со знаком и без знака
C:\Users\haritone\source\repos\Проект\Проект\Worker.cpp(407,23): warning C4018: <: несоответствие типов со знаком и без знака
  Создание кода...
C:\Users\haritone\source\repos\Проект\Проект\Worker.cpp(189): warning C4172: возвращение адреса локальной или временной переменной : temp
C:\Users\haritone\source\repos\Проект\Проект\Worker.cpp(174): warning C4172: возвращение адреса локальной или временной переменной : temp
  Проект.vcxproj -> C:\Users\haritone\source\repos\Проект\Debug\Проект.exe
